<?xml version="1.0"?>
<!DOCTYPE coverage SYSTEM "http://cobertura.sourceforge.net/xml/coverage-04.dtd">

<coverage line-rate="0.2534633145202668" branch-rate="0.16592920353982302" lines-covered="494" lines-valid="1949" branches-covered="75" branches-valid="452" complexity="1.560931899641577" version="1.9.4.1" timestamp="1384379471490">
	<sources>
		<source>--source</source>
		<source>/Users/jbellmann/dev/work/privat/t7mp/maven-t7-plugin/target/generated-sources/plugin</source>
		<source>/Users/jbellmann/dev/work/privat/t7mp/maven-t7-plugin/src/main/java</source>
	</sources>
	<packages>
		<package name="" line-rate="0.0" branch-rate="0.0" complexity="0.0">
			<classes>
				<class name="HelpMojo" filename="HelpMojo.java" line-rate="0.0" branch-rate="0.0" complexity="0.0">
					<methods>
						<method name="&lt;init&gt;" signature="()V" line-rate="0.0" branch-rate="1.0">
							<lines>
								<line number="25" hits="0" branch="false"/>
							</lines>
						</method>
						<method name="append" signature="(Ljava/lang/StringBuilder;Ljava/lang/String;I)V" line-rate="0.0" branch-rate="0.0">
							<lines>
								<line number="272" hits="0" branch="true" condition-coverage="0% (0/2)">
									<conditions>
										<condition number="0" type="jump" coverage="0%"/>
									</conditions>
								</line>
								<line number="274" hits="0" branch="false"/>
								<line number="275" hits="0" branch="false"/>
								<line number="276" hits="0" branch="false"/>
							</lines>
						</method>
						<method name="build" signature="()Lorg/codehaus/plexus/util/xml/Xpp3Dom;" line-rate="0.0" branch-rate="1.0">
							<lines>
								<line number="90" hits="0" branch="false"/>
								<line number="91" hits="0" branch="false"/>
								<line number="94" hits="0" branch="false"/>
								<line number="96" hits="0" branch="false"/>
								<line number="98" hits="0" branch="false"/>
								<line number="100" hits="0" branch="false"/>
								<line number="102" hits="0" branch="false"/>
							</lines>
						</method>
						<method name="execute" signature="()V" line-rate="0.0" branch-rate="0.0">
							<lines>
								<line number="112" hits="0" branch="true" condition-coverage="0% (0/2)">
									<conditions>
										<condition number="0" type="jump" coverage="0%"/>
									</conditions>
								</line>
								<line number="114" hits="0" branch="false"/>
								<line number="115" hits="0" branch="false"/>
								<line number="117" hits="0" branch="true" condition-coverage="0% (0/2)">
									<conditions>
										<condition number="0" type="jump" coverage="0%"/>
									</conditions>
								</line>
								<line number="119" hits="0" branch="false"/>
								<line number="120" hits="0" branch="false"/>
								<line number="123" hits="0" branch="false"/>
								<line number="125" hits="0" branch="false"/>
								<line number="126" hits="0" branch="false"/>
								<line number="127" hits="0" branch="false"/>
								<line number="128" hits="0" branch="false"/>
								<line number="130" hits="0" branch="true" condition-coverage="0% (0/4)">
									<conditions>
										<condition number="0" type="jump" coverage="0%"/>
										<condition number="1" type="jump" coverage="0%"/>
									</conditions>
								</line>
								<line number="132" hits="0" branch="false"/>
								<line number="136" hits="0" branch="true" condition-coverage="0% (0/2)">
									<conditions>
										<condition number="0" type="jump" coverage="0%"/>
									</conditions>
								</line>
								<line number="138" hits="0" branch="false"/>
								<line number="142" hits="0" branch="false"/>
								<line number="145" hits="0" branch="false"/>
								<line number="146" hits="0" branch="false"/>
								<line number="149" hits="0" branch="false"/>
								<line number="151" hits="0" branch="false"/>
								<line number="153" hits="0" branch="true" condition-coverage="0% (0/4)">
									<conditions>
										<condition number="0" type="jump" coverage="0%"/>
										<condition number="1" type="jump" coverage="0%"/>
									</conditions>
								</line>
								<line number="155" hits="0" branch="true" condition-coverage="0% (0/2)">
									<conditions>
										<condition number="0" type="jump" coverage="0%"/>
									</conditions>
								</line>
								<line number="156" hits="0" branch="false"/>
								<line number="159" hits="0" branch="true" condition-coverage="0% (0/2)">
									<conditions>
										<condition number="0" type="jump" coverage="0%"/>
									</conditions>
								</line>
								<line number="161" hits="0" branch="false"/>
								<line number="164" hits="0" branch="true" condition-coverage="0% (0/2)">
									<conditions>
										<condition number="0" type="jump" coverage="0%"/>
									</conditions>
								</line>
								<line number="166" hits="0" branch="false"/>
								<line number="168" hits="0" branch="false"/>
							</lines>
						</method>
						<method name="getIndentLevel" signature="(Ljava/lang/String;)I" line-rate="0.0" branch-rate="0.0">
							<lines>
								<line number="363" hits="0" branch="false"/>
								<line number="364" hits="0" branch="true" condition-coverage="0% (0/4)">
									<conditions>
										<condition number="0" type="jump" coverage="0%"/>
										<condition number="1" type="jump" coverage="0%"/>
									</conditions>
								</line>
								<line number="366" hits="0" branch="false"/>
								<line number="368" hits="0" branch="true" condition-coverage="0% (0/4)">
									<conditions>
										<condition number="0" type="jump" coverage="0%"/>
										<condition number="1" type="jump" coverage="0%"/>
									</conditions>
								</line>
								<line number="370" hits="0" branch="true" condition-coverage="0% (0/2)">
									<conditions>
										<condition number="0" type="jump" coverage="0%"/>
									</conditions>
								</line>
								<line number="372" hits="0" branch="false"/>
								<line number="373" hits="0" branch="false"/>
								<line number="376" hits="0" branch="false"/>
							</lines>
						</method>
						<method name="repeat" signature="(Ljava/lang/String;I)Ljava/lang/String;" line-rate="0.0" branch-rate="0.0">
							<lines>
								<line number="252" hits="0" branch="false"/>
								<line number="254" hits="0" branch="true" condition-coverage="0% (0/2)">
									<conditions>
										<condition number="0" type="jump" coverage="0%"/>
									</conditions>
								</line>
								<line number="256" hits="0" branch="false"/>
								<line number="259" hits="0" branch="false"/>
							</lines>
						</method>
						<method name="toLines" signature="(Ljava/lang/String;III)Ljava/util/List;" line-rate="0.0" branch-rate="0.0">
							<lines>
								<line number="290" hits="0" branch="false"/>
								<line number="292" hits="0" branch="false"/>
								<line number="294" hits="0" branch="false"/>
								<line number="296" hits="0" branch="true" condition-coverage="0% (0/2)">
									<conditions>
										<condition number="0" type="jump" coverage="0%"/>
									</conditions>
								</line>
								<line number="298" hits="0" branch="false"/>
								<line number="301" hits="0" branch="false"/>
							</lines>
						</method>
						<method name="toLines" signature="(Ljava/util/List;Ljava/lang/String;II)V" line-rate="0.0" branch-rate="0.0">
							<lines>
								<line number="314" hits="0" branch="false"/>
								<line number="315" hits="0" branch="false"/>
								<line number="317" hits="0" branch="false"/>
								<line number="319" hits="0" branch="true" condition-coverage="0% (0/2)">
									<conditions>
										<condition number="0" type="jump" coverage="0%"/>
									</conditions>
								</line>
								<line number="321" hits="0" branch="true" condition-coverage="0% (0/2)">
									<conditions>
										<condition number="0" type="jump" coverage="0%"/>
									</conditions>
								</line>
								<line number="323" hits="0" branch="true" condition-coverage="0% (0/2)">
									<conditions>
										<condition number="0" type="jump" coverage="0%"/>
									</conditions>
								</line>
								<line number="325" hits="0" branch="false"/>
								<line number="326" hits="0" branch="false"/>
								<line number="327" hits="0" branch="false"/>
								<line number="331" hits="0" branch="false"/>
								<line number="335" hits="0" branch="true" condition-coverage="0% (0/2)">
									<conditions>
										<condition number="0" type="jump" coverage="0%"/>
									</conditions>
								</line>
								<line number="337" hits="0" branch="false"/>
								<line number="338" hits="0" branch="true" condition-coverage="0% (0/2)">
									<conditions>
										<condition number="0" type="jump" coverage="0%"/>
									</conditions>
								</line>
								<line number="340" hits="0" branch="false"/>
								<line number="342" hits="0" branch="true" condition-coverage="0% (0/2)">
									<conditions>
										<condition number="0" type="jump" coverage="0%"/>
									</conditions>
								</line>
								<line number="344" hits="0" branch="false"/>
								<line number="348" hits="0" branch="false"/>
								<line number="352" hits="0" branch="false"/>
								<line number="353" hits="0" branch="false"/>
							</lines>
						</method>
						<method name="writeGoal" signature="(Ljava/lang/StringBuilder;Ljava/lang/String;Lorg/codehaus/plexus/util/xml/Xpp3Dom;)V" line-rate="0.0" branch-rate="0.0">
							<lines>
								<line number="172" hits="0" branch="false"/>
								<line number="173" hits="0" branch="false"/>
								<line number="175" hits="0" branch="true" condition-coverage="0% (0/6)">
									<conditions>
										<condition number="0" type="jump" coverage="0%"/>
										<condition number="1" type="jump" coverage="0%"/>
										<condition number="2" type="jump" coverage="0%"/>
									</conditions>
								</line>
								<line number="177" hits="0" branch="false"/>
								<line number="178" hits="0" branch="false"/>
								<line number="179" hits="0" branch="true" condition-coverage="0% (0/4)">
									<conditions>
										<condition number="0" type="jump" coverage="0%"/>
										<condition number="1" type="jump" coverage="0%"/>
									</conditions>
								</line>
								<line number="181" hits="0" branch="false"/>
								<line number="182" hits="0" branch="true" condition-coverage="0% (0/2)">
									<conditions>
										<condition number="0" type="jump" coverage="0%"/>
									</conditions>
								</line>
								<line number="184" hits="0" branch="false"/>
								<line number="185" hits="0" branch="false"/>
								<line number="190" hits="0" branch="false"/>
								<line number="192" hits="0" branch="false"/>
								<line number="194" hits="0" branch="true" condition-coverage="0% (0/2)">
									<conditions>
										<condition number="0" type="jump" coverage="0%"/>
									</conditions>
								</line>
								<line number="196" hits="0" branch="false"/>
								<line number="197" hits="0" branch="false"/>
								<line number="198" hits="0" branch="false"/>
								<line number="200" hits="0" branch="true" condition-coverage="0% (0/2)">
									<conditions>
										<condition number="0" type="jump" coverage="0%"/>
									</conditions>
								</line>
								<line number="202" hits="0" branch="false"/>
								<line number="206" hits="0" branch="false"/>
							</lines>
						</method>
						<method name="writeParameter" signature="(Ljava/lang/StringBuilder;Lorg/codehaus/plexus/util/xml/Xpp3Dom;Lorg/codehaus/plexus/util/xml/Xpp3Dom;)V" line-rate="0.0" branch-rate="0.0">
							<lines>
								<line number="210" hits="0" branch="false"/>
								<line number="211" hits="0" branch="false"/>
								<line number="213" hits="0" branch="false"/>
								<line number="215" hits="0" branch="false"/>
								<line number="216" hits="0" branch="true" condition-coverage="0% (0/4)">
									<conditions>
										<condition number="0" type="jump" coverage="0%"/>
										<condition number="1" type="jump" coverage="0%"/>
									</conditions>
								</line>
								<line number="218" hits="0" branch="false"/>
								<line number="220" hits="0" branch="false"/>
								<line number="221" hits="0" branch="false"/>
								<line number="222" hits="0" branch="true" condition-coverage="0% (0/4)">
									<conditions>
										<condition number="0" type="jump" coverage="0%"/>
										<condition number="1" type="jump" coverage="0%"/>
									</conditions>
								</line>
								<line number="224" hits="0" branch="false"/>
								<line number="225" hits="0" branch="false"/>
								<line number="227" hits="0" branch="false"/>
								<line number="228" hits="0" branch="true" condition-coverage="0% (0/2)">
									<conditions>
										<condition number="0" type="jump" coverage="0%"/>
									</conditions>
								</line>
								<line number="230" hits="0" branch="false"/>
								<line number="232" hits="0" branch="false"/>
								<line number="233" hits="0" branch="true" condition-coverage="0% (0/4)">
									<conditions>
										<condition number="0" type="jump" coverage="0%"/>
										<condition number="1" type="jump" coverage="0%"/>
									</conditions>
								</line>
								<line number="235" hits="0" branch="false"/>
								<line number="238" hits="0" branch="false"/>
								<line number="239" hits="0" branch="false"/>
							</lines>
						</method>
					</methods>
					<lines>
						<line number="25" hits="0" branch="false"/>
						<line number="90" hits="0" branch="false"/>
						<line number="91" hits="0" branch="false"/>
						<line number="94" hits="0" branch="false"/>
						<line number="96" hits="0" branch="false"/>
						<line number="98" hits="0" branch="false"/>
						<line number="100" hits="0" branch="false"/>
						<line number="102" hits="0" branch="false"/>
						<line number="112" hits="0" branch="true" condition-coverage="0% (0/2)">
							<conditions>
								<condition number="0" type="jump" coverage="0%"/>
							</conditions>
						</line>
						<line number="114" hits="0" branch="false"/>
						<line number="115" hits="0" branch="false"/>
						<line number="117" hits="0" branch="true" condition-coverage="0% (0/2)">
							<conditions>
								<condition number="0" type="jump" coverage="0%"/>
							</conditions>
						</line>
						<line number="119" hits="0" branch="false"/>
						<line number="120" hits="0" branch="false"/>
						<line number="123" hits="0" branch="false"/>
						<line number="125" hits="0" branch="false"/>
						<line number="126" hits="0" branch="false"/>
						<line number="127" hits="0" branch="false"/>
						<line number="128" hits="0" branch="false"/>
						<line number="130" hits="0" branch="true" condition-coverage="0% (0/4)">
							<conditions>
								<condition number="0" type="jump" coverage="0%"/>
								<condition number="1" type="jump" coverage="0%"/>
							</conditions>
						</line>
						<line number="132" hits="0" branch="false"/>
						<line number="136" hits="0" branch="true" condition-coverage="0% (0/2)">
							<conditions>
								<condition number="0" type="jump" coverage="0%"/>
							</conditions>
						</line>
						<line number="138" hits="0" branch="false"/>
						<line number="142" hits="0" branch="false"/>
						<line number="145" hits="0" branch="false"/>
						<line number="146" hits="0" branch="false"/>
						<line number="149" hits="0" branch="false"/>
						<line number="151" hits="0" branch="false"/>
						<line number="153" hits="0" branch="true" condition-coverage="0% (0/4)">
							<conditions>
								<condition number="0" type="jump" coverage="0%"/>
								<condition number="1" type="jump" coverage="0%"/>
							</conditions>
						</line>
						<line number="155" hits="0" branch="true" condition-coverage="0% (0/2)">
							<conditions>
								<condition number="0" type="jump" coverage="0%"/>
							</conditions>
						</line>
						<line number="156" hits="0" branch="false"/>
						<line number="159" hits="0" branch="true" condition-coverage="0% (0/2)">
							<conditions>
								<condition number="0" type="jump" coverage="0%"/>
							</conditions>
						</line>
						<line number="161" hits="0" branch="false"/>
						<line number="164" hits="0" branch="true" condition-coverage="0% (0/2)">
							<conditions>
								<condition number="0" type="jump" coverage="0%"/>
							</conditions>
						</line>
						<line number="166" hits="0" branch="false"/>
						<line number="168" hits="0" branch="false"/>
						<line number="172" hits="0" branch="false"/>
						<line number="173" hits="0" branch="false"/>
						<line number="175" hits="0" branch="true" condition-coverage="0% (0/6)">
							<conditions>
								<condition number="0" type="jump" coverage="0%"/>
								<condition number="1" type="jump" coverage="0%"/>
								<condition number="2" type="jump" coverage="0%"/>
							</conditions>
						</line>
						<line number="177" hits="0" branch="false"/>
						<line number="178" hits="0" branch="false"/>
						<line number="179" hits="0" branch="true" condition-coverage="0% (0/4)">
							<conditions>
								<condition number="0" type="jump" coverage="0%"/>
								<condition number="1" type="jump" coverage="0%"/>
							</conditions>
						</line>
						<line number="181" hits="0" branch="false"/>
						<line number="182" hits="0" branch="true" condition-coverage="0% (0/2)">
							<conditions>
								<condition number="0" type="jump" coverage="0%"/>
							</conditions>
						</line>
						<line number="184" hits="0" branch="false"/>
						<line number="185" hits="0" branch="false"/>
						<line number="190" hits="0" branch="false"/>
						<line number="192" hits="0" branch="false"/>
						<line number="194" hits="0" branch="true" condition-coverage="0% (0/2)">
							<conditions>
								<condition number="0" type="jump" coverage="0%"/>
							</conditions>
						</line>
						<line number="196" hits="0" branch="false"/>
						<line number="197" hits="0" branch="false"/>
						<line number="198" hits="0" branch="false"/>
						<line number="200" hits="0" branch="true" condition-coverage="0% (0/2)">
							<conditions>
								<condition number="0" type="jump" coverage="0%"/>
							</conditions>
						</line>
						<line number="202" hits="0" branch="false"/>
						<line number="206" hits="0" branch="false"/>
						<line number="210" hits="0" branch="false"/>
						<line number="211" hits="0" branch="false"/>
						<line number="213" hits="0" branch="false"/>
						<line number="215" hits="0" branch="false"/>
						<line number="216" hits="0" branch="true" condition-coverage="0% (0/4)">
							<conditions>
								<condition number="0" type="jump" coverage="0%"/>
								<condition number="1" type="jump" coverage="0%"/>
							</conditions>
						</line>
						<line number="218" hits="0" branch="false"/>
						<line number="220" hits="0" branch="false"/>
						<line number="221" hits="0" branch="false"/>
						<line number="222" hits="0" branch="true" condition-coverage="0% (0/4)">
							<conditions>
								<condition number="0" type="jump" coverage="0%"/>
								<condition number="1" type="jump" coverage="0%"/>
							</conditions>
						</line>
						<line number="224" hits="0" branch="false"/>
						<line number="225" hits="0" branch="false"/>
						<line number="227" hits="0" branch="false"/>
						<line number="228" hits="0" branch="true" condition-coverage="0% (0/2)">
							<conditions>
								<condition number="0" type="jump" coverage="0%"/>
							</conditions>
						</line>
						<line number="230" hits="0" branch="false"/>
						<line number="232" hits="0" branch="false"/>
						<line number="233" hits="0" branch="true" condition-coverage="0% (0/4)">
							<conditions>
								<condition number="0" type="jump" coverage="0%"/>
								<condition number="1" type="jump" coverage="0%"/>
							</conditions>
						</line>
						<line number="235" hits="0" branch="false"/>
						<line number="238" hits="0" branch="false"/>
						<line number="239" hits="0" branch="false"/>
						<line number="252" hits="0" branch="false"/>
						<line number="254" hits="0" branch="true" condition-coverage="0% (0/2)">
							<conditions>
								<condition number="0" type="jump" coverage="0%"/>
							</conditions>
						</line>
						<line number="256" hits="0" branch="false"/>
						<line number="259" hits="0" branch="false"/>
						<line number="272" hits="0" branch="true" condition-coverage="0% (0/2)">
							<conditions>
								<condition number="0" type="jump" coverage="0%"/>
							</conditions>
						</line>
						<line number="274" hits="0" branch="false"/>
						<line number="275" hits="0" branch="false"/>
						<line number="276" hits="0" branch="false"/>
						<line number="290" hits="0" branch="false"/>
						<line number="292" hits="0" branch="false"/>
						<line number="294" hits="0" branch="false"/>
						<line number="296" hits="0" branch="true" condition-coverage="0% (0/2)">
							<conditions>
								<condition number="0" type="jump" coverage="0%"/>
							</conditions>
						</line>
						<line number="298" hits="0" branch="false"/>
						<line number="301" hits="0" branch="false"/>
						<line number="314" hits="0" branch="false"/>
						<line number="315" hits="0" branch="false"/>
						<line number="317" hits="0" branch="false"/>
						<line number="319" hits="0" branch="true" condition-coverage="0% (0/2)">
							<conditions>
								<condition number="0" type="jump" coverage="0%"/>
							</conditions>
						</line>
						<line number="321" hits="0" branch="true" condition-coverage="0% (0/2)">
							<conditions>
								<condition number="0" type="jump" coverage="0%"/>
							</conditions>
						</line>
						<line number="323" hits="0" branch="true" condition-coverage="0% (0/2)">
							<conditions>
								<condition number="0" type="jump" coverage="0%"/>
							</conditions>
						</line>
						<line number="325" hits="0" branch="false"/>
						<line number="326" hits="0" branch="false"/>
						<line number="327" hits="0" branch="false"/>
						<line number="331" hits="0" branch="false"/>
						<line number="335" hits="0" branch="true" condition-coverage="0% (0/2)">
							<conditions>
								<condition number="0" type="jump" coverage="0%"/>
							</conditions>
						</line>
						<line number="337" hits="0" branch="false"/>
						<line number="338" hits="0" branch="true" condition-coverage="0% (0/2)">
							<conditions>
								<condition number="0" type="jump" coverage="0%"/>
							</conditions>
						</line>
						<line number="340" hits="0" branch="false"/>
						<line number="342" hits="0" branch="true" condition-coverage="0% (0/2)">
							<conditions>
								<condition number="0" type="jump" coverage="0%"/>
							</conditions>
						</line>
						<line number="344" hits="0" branch="false"/>
						<line number="348" hits="0" branch="false"/>
						<line number="352" hits="0" branch="false"/>
						<line number="353" hits="0" branch="false"/>
						<line number="363" hits="0" branch="false"/>
						<line number="364" hits="0" branch="true" condition-coverage="0% (0/4)">
							<conditions>
								<condition number="0" type="jump" coverage="0%"/>
								<condition number="1" type="jump" coverage="0%"/>
							</conditions>
						</line>
						<line number="366" hits="0" branch="false"/>
						<line number="368" hits="0" branch="true" condition-coverage="0% (0/4)">
							<conditions>
								<condition number="0" type="jump" coverage="0%"/>
								<condition number="1" type="jump" coverage="0%"/>
							</conditions>
						</line>
						<line number="370" hits="0" branch="true" condition-coverage="0% (0/2)">
							<conditions>
								<condition number="0" type="jump" coverage="0%"/>
							</conditions>
						</line>
						<line number="372" hits="0" branch="false"/>
						<line number="373" hits="0" branch="false"/>
						<line number="376" hits="0" branch="false"/>
					</lines>
				</class>
			</classes>
		</package>
		<package name="com.googlecode.t7mp" line-rate="0.16758241758241757" branch-rate="0.10215053763440861" complexity="1.37">
			<classes>
				<class name="com.googlecode.t7mp.AbstractArtifact" filename="com/googlecode/t7mp/AbstractArtifact.java" line-rate="0.9767441860465116" branch-rate="0.8333333333333334" complexity="1.2105263157894737">
					<methods>
						<method name="&lt;init&gt;" signature="()V" line-rate="1.0" branch-rate="1.0">
							<lines>
								<line number="69" hits="11" branch="false"/>
								<line number="71" hits="11" branch="false"/>
							</lines>
						</method>
						<method name="&lt;init&gt;" signature="(Ljava/lang/String;Ljava/lang/String;Ljava/lang/String;Ljava/lang/String;Ljava/lang/String;)V" line-rate="1.0" branch-rate="1.0">
							<lines>
								<line number="73" hits="11" branch="false"/>
								<line number="74" hits="11" branch="false"/>
								<line number="75" hits="11" branch="false"/>
								<line number="76" hits="11" branch="false"/>
								<line number="77" hits="11" branch="false"/>
								<line number="78" hits="11" branch="false"/>
								<line number="80" hits="11" branch="false"/>
							</lines>
						</method>
						<method name="buildDefaultMavenCoordinates" signature="()Ljava/lang/String;" line-rate="1.0" branch-rate="0.75">
							<lines>
								<line number="149" hits="4" branch="false"/>
								<line number="150" hits="4" branch="false"/>
								<line number="151" hits="4" branch="false"/>
								<line number="152" hits="4" branch="true" condition-coverage="50% (1/2)">
									<conditions>
										<condition number="0" type="jump" coverage="50%"/>
									</conditions>
								</line>
								<line number="153" hits="4" branch="false"/>
								<line number="155" hits="4" branch="true" condition-coverage="100% (2/2)">
									<conditions>
										<condition number="0" type="jump" coverage="100%"/>
									</conditions>
								</line>
								<line number="156" hits="2" branch="false"/>
								<line number="158" hits="4" branch="false"/>
								<line number="159" hits="4" branch="false"/>
								<line number="160" hits="4" branch="false"/>
							</lines>
						</method>
						<method name="getArtifactCoordinates" signature="()Ljava/lang/String;" line-rate="1.0" branch-rate="1.0">
							<lines>
								<line number="137" hits="7" branch="true" condition-coverage="100% (2/2)">
									<conditions>
										<condition number="0" type="jump" coverage="100%"/>
									</conditions>
								</line>
								<line number="138" hits="3" branch="false"/>
								<line number="140" hits="4" branch="false"/>
							</lines>
						</method>
						<method name="getArtifactId" signature="()Ljava/lang/String;" line-rate="1.0" branch-rate="1.0">
							<lines>
								<line number="91" hits="11" branch="false"/>
							</lines>
						</method>
						<method name="getClassifier" signature="()Ljava/lang/String;" line-rate="1.0" branch-rate="1.0">
							<lines>
								<line number="113" hits="12" branch="false"/>
							</lines>
						</method>
						<method name="getFile" signature="()Ljava/io/File;" line-rate="1.0" branch-rate="1.0">
							<lines>
								<line number="129" hits="2" branch="false"/>
							</lines>
						</method>
						<method name="getGroupId" signature="()Ljava/lang/String;" line-rate="1.0" branch-rate="1.0">
							<lines>
								<line number="83" hits="11" branch="false"/>
							</lines>
						</method>
						<method name="getSystemPath" signature="()Ljava/lang/String;" line-rate="1.0" branch-rate="1.0">
							<lines>
								<line number="121" hits="10" branch="false"/>
							</lines>
						</method>
						<method name="getVersion" signature="()Ljava/lang/String;" line-rate="1.0" branch-rate="1.0">
							<lines>
								<line number="99" hits="9" branch="false"/>
							</lines>
						</method>
						<method name="setArtifactId" signature="(Ljava/lang/String;)V" line-rate="1.0" branch-rate="1.0">
							<lines>
								<line number="95" hits="18" branch="false"/>
								<line number="96" hits="18" branch="false"/>
							</lines>
						</method>
						<method name="setClassifier" signature="(Ljava/lang/String;)V" line-rate="1.0" branch-rate="1.0">
							<lines>
								<line number="117" hits="14" branch="false"/>
								<line number="118" hits="14" branch="false"/>
							</lines>
						</method>
						<method name="setFile" signature="(Ljava/io/File;)V" line-rate="1.0" branch-rate="1.0">
							<lines>
								<line number="133" hits="2" branch="false"/>
								<line number="134" hits="2" branch="false"/>
							</lines>
						</method>
						<method name="setGroupId" signature="(Ljava/lang/String;)V" line-rate="1.0" branch-rate="1.0">
							<lines>
								<line number="87" hits="15" branch="false"/>
								<line number="88" hits="15" branch="false"/>
							</lines>
						</method>
						<method name="setSystemPath" signature="(Ljava/lang/String;)V" line-rate="1.0" branch-rate="1.0">
							<lines>
								<line number="125" hits="3" branch="false"/>
								<line number="126" hits="3" branch="false"/>
							</lines>
						</method>
						<method name="setType" signature="(Ljava/lang/String;)V" line-rate="1.0" branch-rate="1.0">
							<lines>
								<line number="109" hits="16" branch="false"/>
								<line number="110" hits="16" branch="false"/>
							</lines>
						</method>
						<method name="setVersion" signature="(Ljava/lang/String;)V" line-rate="1.0" branch-rate="1.0">
							<lines>
								<line number="103" hits="15" branch="false"/>
								<line number="104" hits="15" branch="false"/>
							</lines>
						</method>
						<method name="toString" signature="()Ljava/lang/String;" line-rate="0.0" branch-rate="1.0">
							<lines>
								<line number="165" hits="0" branch="false"/>
							</lines>
						</method>
					</methods>
					<lines>
						<line number="69" hits="11" branch="false"/>
						<line number="71" hits="11" branch="false"/>
						<line number="73" hits="11" branch="false"/>
						<line number="74" hits="11" branch="false"/>
						<line number="75" hits="11" branch="false"/>
						<line number="76" hits="11" branch="false"/>
						<line number="77" hits="11" branch="false"/>
						<line number="78" hits="11" branch="false"/>
						<line number="80" hits="11" branch="false"/>
						<line number="83" hits="11" branch="false"/>
						<line number="87" hits="15" branch="false"/>
						<line number="88" hits="15" branch="false"/>
						<line number="91" hits="11" branch="false"/>
						<line number="95" hits="18" branch="false"/>
						<line number="96" hits="18" branch="false"/>
						<line number="99" hits="9" branch="false"/>
						<line number="103" hits="15" branch="false"/>
						<line number="104" hits="15" branch="false"/>
						<line number="109" hits="16" branch="false"/>
						<line number="110" hits="16" branch="false"/>
						<line number="113" hits="12" branch="false"/>
						<line number="117" hits="14" branch="false"/>
						<line number="118" hits="14" branch="false"/>
						<line number="121" hits="10" branch="false"/>
						<line number="125" hits="3" branch="false"/>
						<line number="126" hits="3" branch="false"/>
						<line number="129" hits="2" branch="false"/>
						<line number="133" hits="2" branch="false"/>
						<line number="134" hits="2" branch="false"/>
						<line number="137" hits="7" branch="true" condition-coverage="100% (2/2)">
							<conditions>
								<condition number="0" type="jump" coverage="100%"/>
							</conditions>
						</line>
						<line number="138" hits="3" branch="false"/>
						<line number="140" hits="4" branch="false"/>
						<line number="149" hits="4" branch="false"/>
						<line number="150" hits="4" branch="false"/>
						<line number="151" hits="4" branch="false"/>
						<line number="152" hits="4" branch="true" condition-coverage="50% (1/2)">
							<conditions>
								<condition number="0" type="jump" coverage="50%"/>
							</conditions>
						</line>
						<line number="153" hits="4" branch="false"/>
						<line number="155" hits="4" branch="true" condition-coverage="100% (2/2)">
							<conditions>
								<condition number="0" type="jump" coverage="100%"/>
							</conditions>
						</line>
						<line number="156" hits="2" branch="false"/>
						<line number="158" hits="4" branch="false"/>
						<line number="159" hits="4" branch="false"/>
						<line number="160" hits="4" branch="false"/>
						<line number="165" hits="0" branch="false"/>
					</lines>
				</class>
				<class name="com.googlecode.t7mp.AbstractT7BaseMojo" filename="com/googlecode/t7mp/AbstractT7BaseMojo.java" line-rate="0.0" branch-rate="0.0" complexity="1.0649350649350648">
					<methods>
						<method name="&lt;init&gt;" signature="()V" line-rate="0.0" branch-rate="1.0">
							<lines>
								<line number="42" hits="0" branch="false"/>
								<line number="132" hits="0" branch="false"/>
								<line number="140" hits="0" branch="false"/>
								<line number="148" hits="0" branch="false"/>
								<line number="154" hits="0" branch="false"/>
								<line number="160" hits="0" branch="false"/>
								<line number="166" hits="0" branch="false"/>
								<line number="173" hits="0" branch="false"/>
								<line number="181" hits="0" branch="false"/>
								<line number="188" hits="0" branch="false"/>
								<line number="248" hits="0" branch="false"/>
								<line number="254" hits="0" branch="false"/>
								<line number="260" hits="0" branch="false"/>
								<line number="272" hits="0" branch="false"/>
								<line number="278" hits="0" branch="false"/>
								<line number="284" hits="0" branch="false"/>
								<line number="290" hits="0" branch="false"/>
								<line number="296" hits="0" branch="false"/>
								<line number="302" hits="0" branch="false"/>
								<line number="307" hits="0" branch="false"/>
								<line number="314" hits="0" branch="false"/>
							</lines>
						</method>
						<method name="getArchiverManager" signature="()Lorg/codehaus/plexus/archiver/manager/ArchiverManager;" line-rate="0.0" branch-rate="1.0">
							<lines>
								<line number="588" hits="0" branch="false"/>
							</lines>
						</method>
						<method name="getBuildFinalName" signature="()Ljava/lang/String;" line-rate="0.0" branch-rate="1.0">
							<lines>
								<line number="484" hits="0" branch="false"/>
							</lines>
						</method>
						<method name="getCatalinaBase" signature="()Ljava/io/File;" line-rate="0.0" branch-rate="1.0">
							<lines>
								<line number="472" hits="0" branch="false"/>
							</lines>
						</method>
						<method name="getConfigArtifact" signature="()Lcom/googlecode/t7mp/ConfigurationArtifact;" line-rate="0.0" branch-rate="1.0">
							<lines>
								<line number="625" hits="0" branch="false"/>
							</lines>
						</method>
						<method name="getContextFile" signature="()Ljava/io/File;" line-rate="0.0" branch-rate="1.0">
							<lines>
								<line number="464" hits="0" branch="false"/>
							</lines>
						</method>
						<method name="getContextPath" signature="()Ljava/lang/String;" line-rate="0.0" branch-rate="0.0">
							<lines>
								<line number="442" hits="0" branch="true" condition-coverage="0% (0/4)">
									<conditions>
										<condition number="0" type="jump" coverage="0%"/>
										<condition number="1" type="jump" coverage="0%"/>
									</conditions>
								</line>
								<line number="443" hits="0" branch="false"/>
								<line number="445" hits="0" branch="true" condition-coverage="0% (0/2)">
									<conditions>
										<condition number="0" type="jump" coverage="0%"/>
									</conditions>
								</line>
								<line number="446" hits="0" branch="false"/>
								<line number="448" hits="0" branch="false"/>
							</lines>
						</method>
						<method name="getFactory" signature="()Lorg/apache/maven/artifact/factory/ArtifactFactory;" line-rate="0.0" branch-rate="1.0">
							<lines>
								<line number="548" hits="0" branch="false"/>
							</lines>
						</method>
						<method name="getInstanceCount" signature="()I" line-rate="0.0" branch-rate="1.0">
							<lines>
								<line number="633" hits="0" branch="false"/>
							</lines>
						</method>
						<method name="getLibs" signature="()Ljava/util/List;" line-rate="0.0" branch-rate="1.0">
							<lines>
								<line number="500" hits="0" branch="false"/>
							</lines>
						</method>
						<method name="getLocal" signature="()Lorg/apache/maven/artifact/repository/ArtifactRepository;" line-rate="0.0" branch-rate="1.0">
							<lines>
								<line number="572" hits="0" branch="false"/>
							</lines>
						</method>
						<method name="getMavenProject" signature="()Lorg/apache/maven/project/MavenProject;" line-rate="0.0" branch-rate="1.0">
							<lines>
								<line number="609" hits="0" branch="false"/>
							</lines>
						</method>
						<method name="getOverwriteWebXML" signature="()Ljava/io/File;" line-rate="0.0" branch-rate="1.0">
							<lines>
								<line number="456" hits="0" branch="false"/>
							</lines>
						</method>
						<method name="getPackaging" signature="()Ljava/lang/String;" line-rate="0.0" branch-rate="1.0">
							<lines>
								<line number="492" hits="0" branch="false"/>
							</lines>
						</method>
						<method name="getRemoteRepos" signature="()Ljava/util/List;" line-rate="0.0" branch-rate="1.0">
							<lines>
								<line number="580" hits="0" branch="false"/>
							</lines>
						</method>
						<method name="getRemoteRepositories" signature="()Ljava/util/List;" line-rate="0.0" branch-rate="1.0">
							<lines>
								<line number="334" hits="0" branch="false"/>
							</lines>
						</method>
						<method name="getRepositorySystem" signature="()Lorg/sonatype/aether/RepositorySystem;" line-rate="0.0" branch-rate="1.0">
							<lines>
								<line number="317" hits="0" branch="false"/>
							</lines>
						</method>
						<method name="getRepositorySystemSession" signature="()Lorg/sonatype/aether/RepositorySystemSession;" line-rate="0.0" branch-rate="1.0">
							<lines>
								<line number="325" hits="0" branch="false"/>
							</lines>
						</method>
						<method name="getResolver" signature="()Lorg/sonatype/aether/impl/ArtifactResolver;" line-rate="0.0" branch-rate="1.0">
							<lines>
								<line number="556" hits="0" branch="false"/>
							</lines>
						</method>
						<method name="getScanners" signature="()Ljava/util/ArrayList;" line-rate="0.0" branch-rate="1.0">
							<lines>
								<line number="480" hits="0" branch="false"/>
							</lines>
						</method>
						<method name="getSystemProperties" signature="()Ljava/util/Map;" line-rate="0.0" branch-rate="1.0">
							<lines>
								<line number="540" hits="0" branch="false"/>
							</lines>
						</method>
						<method name="getTomcatConfigDirectory" signature="()Ljava/io/File;" line-rate="0.0" branch-rate="1.0">
							<lines>
								<line number="508" hits="0" branch="false"/>
							</lines>
						</method>
						<method name="getTomcatHostName" signature="()Ljava/lang/String;" line-rate="0.0" branch-rate="1.0">
							<lines>
								<line number="418" hits="0" branch="false"/>
							</lines>
						</method>
						<method name="getTomcatHttpPort" signature="()I" line-rate="0.0" branch-rate="1.0">
							<lines>
								<line number="386" hits="0" branch="false"/>
							</lines>
						</method>
						<method name="getTomcatShutdownCommand" signature="()Ljava/lang/String;" line-rate="0.0" branch-rate="1.0">
							<lines>
								<line number="402" hits="0" branch="false"/>
							</lines>
						</method>
						<method name="getTomcatShutdownHost" signature="()Ljava/lang/String;" line-rate="0.0" branch-rate="1.0">
							<lines>
								<line number="410" hits="0" branch="false"/>
							</lines>
						</method>
						<method name="getTomcatShutdownPort" signature="()I" line-rate="0.0" branch-rate="1.0">
							<lines>
								<line number="394" hits="0" branch="false"/>
							</lines>
						</method>
						<method name="getTomcatVersion" signature="()Ljava/lang/String;" line-rate="0.0" branch-rate="1.0">
							<lines>
								<line number="378" hits="0" branch="false"/>
							</lines>
						</method>
						<method name="getUserConfigDir" signature="()Ljava/io/File;" line-rate="0.0" branch-rate="1.0">
							<lines>
								<line number="426" hits="0" branch="false"/>
							</lines>
						</method>
						<method name="getWebappClassDirectory" signature="()Ljava/io/File;" line-rate="0.0" branch-rate="1.0">
							<lines>
								<line number="524" hits="0" branch="false"/>
							</lines>
						</method>
						<method name="getWebappOutputDirectory" signature="()Ljava/io/File;" line-rate="0.0" branch-rate="1.0">
							<lines>
								<line number="434" hits="0" branch="false"/>
							</lines>
						</method>
						<method name="getWebappSourceDirectory" signature="()Ljava/io/File;" line-rate="0.0" branch-rate="1.0">
							<lines>
								<line number="516" hits="0" branch="false"/>
							</lines>
						</method>
						<method name="getWebapps" signature="()Ljava/util/List;" line-rate="0.0" branch-rate="1.0">
							<lines>
								<line number="532" hits="0" branch="false"/>
							</lines>
						</method>
						<method name="isAddGithubRepository" signature="()Z" line-rate="0.0" branch-rate="1.0">
							<lines>
								<line number="370" hits="0" branch="false"/>
							</lines>
						</method>
						<method name="isLookInside" signature="()Z" line-rate="0.0" branch-rate="1.0">
							<lines>
								<line number="354" hits="0" branch="false"/>
							</lines>
						</method>
						<method name="isResolverUpdateSnapshotsAllways" signature="()Z" line-rate="0.0" branch-rate="1.0">
							<lines>
								<line number="596" hits="0" branch="false"/>
							</lines>
						</method>
						<method name="isScanClasses" signature="()Z" line-rate="0.0" branch-rate="1.0">
							<lines>
								<line number="362" hits="0" branch="false"/>
							</lines>
						</method>
						<method name="isSuspendConsoleOutput" signature="()Z" line-rate="0.0" branch-rate="1.0">
							<lines>
								<line number="617" hits="0" branch="false"/>
							</lines>
						</method>
						<method name="isTomcatSetAwait" signature="()Z" line-rate="0.0" branch-rate="1.0">
							<lines>
								<line number="346" hits="0" branch="false"/>
							</lines>
						</method>
						<method name="isWebProject" signature="()Z" line-rate="0.0" branch-rate="1.0">
							<lines>
								<line number="342" hits="0" branch="false"/>
							</lines>
						</method>
						<method name="setAddGithubRepository" signature="(Z)V" line-rate="0.0" branch-rate="1.0">
							<lines>
								<line number="374" hits="0" branch="false"/>
								<line number="375" hits="0" branch="false"/>
							</lines>
						</method>
						<method name="setArchiverManager" signature="(Lorg/codehaus/plexus/archiver/manager/ArchiverManager;)V" line-rate="0.0" branch-rate="1.0">
							<lines>
								<line number="592" hits="0" branch="false"/>
								<line number="593" hits="0" branch="false"/>
							</lines>
						</method>
						<method name="setBuildFinalName" signature="(Ljava/lang/String;)V" line-rate="0.0" branch-rate="1.0">
							<lines>
								<line number="488" hits="0" branch="false"/>
								<line number="489" hits="0" branch="false"/>
							</lines>
						</method>
						<method name="setCatalinaBase" signature="(Ljava/io/File;)V" line-rate="0.0" branch-rate="1.0">
							<lines>
								<line number="476" hits="0" branch="false"/>
								<line number="477" hits="0" branch="false"/>
							</lines>
						</method>
						<method name="setConfigArtifact" signature="(Lcom/googlecode/t7mp/ConfigurationArtifact;)V" line-rate="0.0" branch-rate="1.0">
							<lines>
								<line number="629" hits="0" branch="false"/>
								<line number="630" hits="0" branch="false"/>
							</lines>
						</method>
						<method name="setContextFile" signature="(Ljava/io/File;)V" line-rate="0.0" branch-rate="1.0">
							<lines>
								<line number="468" hits="0" branch="false"/>
								<line number="469" hits="0" branch="false"/>
							</lines>
						</method>
						<method name="setContextPath" signature="(Ljava/lang/String;)V" line-rate="0.0" branch-rate="1.0">
							<lines>
								<line number="452" hits="0" branch="false"/>
								<line number="453" hits="0" branch="false"/>
							</lines>
						</method>
						<method name="setFactory" signature="(Lorg/apache/maven/artifact/factory/ArtifactFactory;)V" line-rate="0.0" branch-rate="1.0">
							<lines>
								<line number="552" hits="0" branch="false"/>
								<line number="553" hits="0" branch="false"/>
							</lines>
						</method>
						<method name="setInstanceCount" signature="(I)V" line-rate="0.0" branch-rate="1.0">
							<lines>
								<line number="637" hits="0" branch="false"/>
								<line number="638" hits="0" branch="false"/>
							</lines>
						</method>
						<method name="setLibs" signature="(Ljava/util/ArrayList;)V" line-rate="0.0" branch-rate="1.0">
							<lines>
								<line number="504" hits="0" branch="false"/>
								<line number="505" hits="0" branch="false"/>
							</lines>
						</method>
						<method name="setLocal" signature="(Lorg/apache/maven/artifact/repository/ArtifactRepository;)V" line-rate="0.0" branch-rate="1.0">
							<lines>
								<line number="576" hits="0" branch="false"/>
								<line number="577" hits="0" branch="false"/>
							</lines>
						</method>
						<method name="setLookInside" signature="(Z)V" line-rate="0.0" branch-rate="1.0">
							<lines>
								<line number="358" hits="0" branch="false"/>
								<line number="359" hits="0" branch="false"/>
							</lines>
						</method>
						<method name="setMavenProject" signature="(Lorg/apache/maven/project/MavenProject;)V" line-rate="0.0" branch-rate="1.0">
							<lines>
								<line number="613" hits="0" branch="false"/>
								<line number="614" hits="0" branch="false"/>
							</lines>
						</method>
						<method name="setOverwriteWebXML" signature="(Ljava/io/File;)V" line-rate="0.0" branch-rate="1.0">
							<lines>
								<line number="460" hits="0" branch="false"/>
								<line number="461" hits="0" branch="false"/>
							</lines>
						</method>
						<method name="setPackaging" signature="(Ljava/lang/String;)V" line-rate="0.0" branch-rate="1.0">
							<lines>
								<line number="496" hits="0" branch="false"/>
								<line number="497" hits="0" branch="false"/>
							</lines>
						</method>
						<method name="setRemoteRepos" signature="(Ljava/util/List;)V" line-rate="0.0" branch-rate="1.0">
							<lines>
								<line number="584" hits="0" branch="false"/>
								<line number="585" hits="0" branch="false"/>
							</lines>
						</method>
						<method name="setRemoteRepositories" signature="(Ljava/util/List;)V" line-rate="0.0" branch-rate="1.0">
							<lines>
								<line number="338" hits="0" branch="false"/>
								<line number="339" hits="0" branch="false"/>
							</lines>
						</method>
						<method name="setRepositorySystem" signature="(Lorg/sonatype/aether/RepositorySystem;)V" line-rate="0.0" branch-rate="1.0">
							<lines>
								<line number="321" hits="0" branch="false"/>
								<line number="322" hits="0" branch="false"/>
							</lines>
						</method>
						<method name="setRepositorySystemSession" signature="(Lorg/sonatype/aether/RepositorySystemSession;)V" line-rate="0.0" branch-rate="1.0">
							<lines>
								<line number="330" hits="0" branch="false"/>
								<line number="331" hits="0" branch="false"/>
							</lines>
						</method>
						<method name="setResolver" signature="(Lorg/sonatype/aether/impl/ArtifactResolver;)V" line-rate="0.0" branch-rate="1.0">
							<lines>
								<line number="560" hits="0" branch="false"/>
								<line number="561" hits="0" branch="false"/>
							</lines>
						</method>
						<method name="setResolverUpdateSnapshotsAllways" signature="(Z)V" line-rate="0.0" branch-rate="1.0">
							<lines>
								<line number="601" hits="0" branch="false"/>
								<line number="602" hits="0" branch="false"/>
							</lines>
						</method>
						<method name="setScanClasses" signature="(Z)V" line-rate="0.0" branch-rate="1.0">
							<lines>
								<line number="366" hits="0" branch="false"/>
								<line number="367" hits="0" branch="false"/>
							</lines>
						</method>
						<method name="setScanners" signature="(Ljava/util/ArrayList;)V" line-rate="0.0" branch-rate="1.0">
							<lines>
								<line number="605" hits="0" branch="false"/>
								<line number="606" hits="0" branch="false"/>
							</lines>
						</method>
						<method name="setSuspendConsoleOutput" signature="(Z)V" line-rate="0.0" branch-rate="1.0">
							<lines>
								<line number="621" hits="0" branch="false"/>
								<line number="622" hits="0" branch="false"/>
							</lines>
						</method>
						<method name="setSystemProperties" signature="(Ljava/util/Map;)V" line-rate="0.0" branch-rate="1.0">
							<lines>
								<line number="544" hits="0" branch="false"/>
								<line number="545" hits="0" branch="false"/>
							</lines>
						</method>
						<method name="setTomcatConfigDirectory" signature="(Ljava/io/File;)V" line-rate="0.0" branch-rate="1.0">
							<lines>
								<line number="512" hits="0" branch="false"/>
								<line number="513" hits="0" branch="false"/>
							</lines>
						</method>
						<method name="setTomcatHostName" signature="(Ljava/lang/String;)V" line-rate="0.0" branch-rate="1.0">
							<lines>
								<line number="422" hits="0" branch="false"/>
								<line number="423" hits="0" branch="false"/>
							</lines>
						</method>
						<method name="setTomcatHttpPort" signature="(I)V" line-rate="0.0" branch-rate="1.0">
							<lines>
								<line number="390" hits="0" branch="false"/>
								<line number="391" hits="0" branch="false"/>
							</lines>
						</method>
						<method name="setTomcatSetAwait" signature="(Z)V" line-rate="0.0" branch-rate="1.0">
							<lines>
								<line number="350" hits="0" branch="false"/>
								<line number="351" hits="0" branch="false"/>
							</lines>
						</method>
						<method name="setTomcatShutdownCommand" signature="(Ljava/lang/String;)V" line-rate="0.0" branch-rate="1.0">
							<lines>
								<line number="406" hits="0" branch="false"/>
								<line number="407" hits="0" branch="false"/>
							</lines>
						</method>
						<method name="setTomcatShutdownHost" signature="(Ljava/lang/String;)V" line-rate="0.0" branch-rate="1.0">
							<lines>
								<line number="414" hits="0" branch="false"/>
								<line number="415" hits="0" branch="false"/>
							</lines>
						</method>
						<method name="setTomcatShutdownPort" signature="(I)V" line-rate="0.0" branch-rate="1.0">
							<lines>
								<line number="398" hits="0" branch="false"/>
								<line number="399" hits="0" branch="false"/>
							</lines>
						</method>
						<method name="setTomcatVersion" signature="(Ljava/lang/String;)V" line-rate="0.0" branch-rate="1.0">
							<lines>
								<line number="382" hits="0" branch="false"/>
								<line number="383" hits="0" branch="false"/>
							</lines>
						</method>
						<method name="setUserConfigDir" signature="(Ljava/io/File;)V" line-rate="0.0" branch-rate="1.0">
							<lines>
								<line number="430" hits="0" branch="false"/>
								<line number="431" hits="0" branch="false"/>
							</lines>
						</method>
						<method name="setWebappClassDirectory" signature="(Ljava/io/File;)V" line-rate="0.0" branch-rate="1.0">
							<lines>
								<line number="528" hits="0" branch="false"/>
								<line number="529" hits="0" branch="false"/>
							</lines>
						</method>
						<method name="setWebappOutputDirectory" signature="(Ljava/io/File;)V" line-rate="0.0" branch-rate="1.0">
							<lines>
								<line number="438" hits="0" branch="false"/>
								<line number="439" hits="0" branch="false"/>
							</lines>
						</method>
						<method name="setWebappSourceDirectory" signature="(Ljava/io/File;)V" line-rate="0.0" branch-rate="1.0">
							<lines>
								<line number="520" hits="0" branch="false"/>
								<line number="521" hits="0" branch="false"/>
							</lines>
						</method>
						<method name="setWebapps" signature="(Ljava/util/ArrayList;)V" line-rate="0.0" branch-rate="1.0">
							<lines>
								<line number="536" hits="0" branch="false"/>
								<line number="537" hits="0" branch="false"/>
							</lines>
						</method>
					</methods>
					<lines>
						<line number="42" hits="0" branch="false"/>
						<line number="132" hits="0" branch="false"/>
						<line number="140" hits="0" branch="false"/>
						<line number="148" hits="0" branch="false"/>
						<line number="154" hits="0" branch="false"/>
						<line number="160" hits="0" branch="false"/>
						<line number="166" hits="0" branch="false"/>
						<line number="173" hits="0" branch="false"/>
						<line number="181" hits="0" branch="false"/>
						<line number="188" hits="0" branch="false"/>
						<line number="248" hits="0" branch="false"/>
						<line number="254" hits="0" branch="false"/>
						<line number="260" hits="0" branch="false"/>
						<line number="272" hits="0" branch="false"/>
						<line number="278" hits="0" branch="false"/>
						<line number="284" hits="0" branch="false"/>
						<line number="290" hits="0" branch="false"/>
						<line number="296" hits="0" branch="false"/>
						<line number="302" hits="0" branch="false"/>
						<line number="307" hits="0" branch="false"/>
						<line number="314" hits="0" branch="false"/>
						<line number="317" hits="0" branch="false"/>
						<line number="321" hits="0" branch="false"/>
						<line number="322" hits="0" branch="false"/>
						<line number="325" hits="0" branch="false"/>
						<line number="330" hits="0" branch="false"/>
						<line number="331" hits="0" branch="false"/>
						<line number="334" hits="0" branch="false"/>
						<line number="338" hits="0" branch="false"/>
						<line number="339" hits="0" branch="false"/>
						<line number="342" hits="0" branch="false"/>
						<line number="346" hits="0" branch="false"/>
						<line number="350" hits="0" branch="false"/>
						<line number="351" hits="0" branch="false"/>
						<line number="354" hits="0" branch="false"/>
						<line number="358" hits="0" branch="false"/>
						<line number="359" hits="0" branch="false"/>
						<line number="362" hits="0" branch="false"/>
						<line number="366" hits="0" branch="false"/>
						<line number="367" hits="0" branch="false"/>
						<line number="370" hits="0" branch="false"/>
						<line number="374" hits="0" branch="false"/>
						<line number="375" hits="0" branch="false"/>
						<line number="378" hits="0" branch="false"/>
						<line number="382" hits="0" branch="false"/>
						<line number="383" hits="0" branch="false"/>
						<line number="386" hits="0" branch="false"/>
						<line number="390" hits="0" branch="false"/>
						<line number="391" hits="0" branch="false"/>
						<line number="394" hits="0" branch="false"/>
						<line number="398" hits="0" branch="false"/>
						<line number="399" hits="0" branch="false"/>
						<line number="402" hits="0" branch="false"/>
						<line number="406" hits="0" branch="false"/>
						<line number="407" hits="0" branch="false"/>
						<line number="410" hits="0" branch="false"/>
						<line number="414" hits="0" branch="false"/>
						<line number="415" hits="0" branch="false"/>
						<line number="418" hits="0" branch="false"/>
						<line number="422" hits="0" branch="false"/>
						<line number="423" hits="0" branch="false"/>
						<line number="426" hits="0" branch="false"/>
						<line number="430" hits="0" branch="false"/>
						<line number="431" hits="0" branch="false"/>
						<line number="434" hits="0" branch="false"/>
						<line number="438" hits="0" branch="false"/>
						<line number="439" hits="0" branch="false"/>
						<line number="442" hits="0" branch="true" condition-coverage="0% (0/4)">
							<conditions>
								<condition number="0" type="jump" coverage="0%"/>
								<condition number="1" type="jump" coverage="0%"/>
							</conditions>
						</line>
						<line number="443" hits="0" branch="false"/>
						<line number="445" hits="0" branch="true" condition-coverage="0% (0/2)">
							<conditions>
								<condition number="0" type="jump" coverage="0%"/>
							</conditions>
						</line>
						<line number="446" hits="0" branch="false"/>
						<line number="448" hits="0" branch="false"/>
						<line number="452" hits="0" branch="false"/>
						<line number="453" hits="0" branch="false"/>
						<line number="456" hits="0" branch="false"/>
						<line number="460" hits="0" branch="false"/>
						<line number="461" hits="0" branch="false"/>
						<line number="464" hits="0" branch="false"/>
						<line number="468" hits="0" branch="false"/>
						<line number="469" hits="0" branch="false"/>
						<line number="472" hits="0" branch="false"/>
						<line number="476" hits="0" branch="false"/>
						<line number="477" hits="0" branch="false"/>
						<line number="480" hits="0" branch="false"/>
						<line number="484" hits="0" branch="false"/>
						<line number="488" hits="0" branch="false"/>
						<line number="489" hits="0" branch="false"/>
						<line number="492" hits="0" branch="false"/>
						<line number="496" hits="0" branch="false"/>
						<line number="497" hits="0" branch="false"/>
						<line number="500" hits="0" branch="false"/>
						<line number="504" hits="0" branch="false"/>
						<line number="505" hits="0" branch="false"/>
						<line number="508" hits="0" branch="false"/>
						<line number="512" hits="0" branch="false"/>
						<line number="513" hits="0" branch="false"/>
						<line number="516" hits="0" branch="false"/>
						<line number="520" hits="0" branch="false"/>
						<line number="521" hits="0" branch="false"/>
						<line number="524" hits="0" branch="false"/>
						<line number="528" hits="0" branch="false"/>
						<line number="529" hits="0" branch="false"/>
						<line number="532" hits="0" branch="false"/>
						<line number="536" hits="0" branch="false"/>
						<line number="537" hits="0" branch="false"/>
						<line number="540" hits="0" branch="false"/>
						<line number="544" hits="0" branch="false"/>
						<line number="545" hits="0" branch="false"/>
						<line number="548" hits="0" branch="false"/>
						<line number="552" hits="0" branch="false"/>
						<line number="553" hits="0" branch="false"/>
						<line number="556" hits="0" branch="false"/>
						<line number="560" hits="0" branch="false"/>
						<line number="561" hits="0" branch="false"/>
						<line number="572" hits="0" branch="false"/>
						<line number="576" hits="0" branch="false"/>
						<line number="577" hits="0" branch="false"/>
						<line number="580" hits="0" branch="false"/>
						<line number="584" hits="0" branch="false"/>
						<line number="585" hits="0" branch="false"/>
						<line number="588" hits="0" branch="false"/>
						<line number="592" hits="0" branch="false"/>
						<line number="593" hits="0" branch="false"/>
						<line number="596" hits="0" branch="false"/>
						<line number="601" hits="0" branch="false"/>
						<line number="602" hits="0" branch="false"/>
						<line number="605" hits="0" branch="false"/>
						<line number="606" hits="0" branch="false"/>
						<line number="609" hits="0" branch="false"/>
						<line number="613" hits="0" branch="false"/>
						<line number="614" hits="0" branch="false"/>
						<line number="617" hits="0" branch="false"/>
						<line number="621" hits="0" branch="false"/>
						<line number="622" hits="0" branch="false"/>
						<line number="625" hits="0" branch="false"/>
						<line number="629" hits="0" branch="false"/>
						<line number="630" hits="0" branch="false"/>
						<line number="633" hits="0" branch="false"/>
						<line number="637" hits="0" branch="false"/>
						<line number="638" hits="0" branch="false"/>
					</lines>
				</class>
				<class name="com.googlecode.t7mp.AbstractT7TomcatMojo" filename="com/googlecode/t7mp/AbstractT7TomcatMojo.java" line-rate="0.0" branch-rate="1.0" complexity="1.0">
					<methods>
						<method name="&lt;init&gt;" signature="()V" line-rate="0.0" branch-rate="1.0">
							<lines>
								<line number="35" hits="0" branch="false"/>
								<line number="41" hits="0" branch="false"/>
								<line number="46" hits="0" branch="false"/>
								<line number="51" hits="0" branch="false"/>
								<line number="56" hits="0" branch="false"/>
								<line number="61" hits="0" branch="false"/>
								<line number="66" hits="0" branch="false"/>
							</lines>
						</method>
						<method name="buildParentContext" signature="()Lcom/googlecode/t7mp/steps/Context;" line-rate="0.0" branch-rate="1.0">
							<lines>
								<line number="129" hits="0" branch="false"/>
								<line number="130" hits="0" branch="false"/>
								<line number="131" hits="0" branch="false"/>
								<line number="132" hits="0" branch="false"/>
							</lines>
						</method>
						<method name="getScanners" signature="()Ljava/util/List;" line-rate="0.0" branch-rate="1.0">
							<lines>
								<line number="29" hits="0" branch="false"/>
							</lines>
						</method>
						<method name="getTomcatArtifact" signature="()Lcom/googlecode/t7mp/TomcatArtifact;" line-rate="0.0" branch-rate="1.0">
							<lines>
								<line number="125" hits="0" branch="false"/>
							</lines>
						</method>
						<method name="isDeleteDefaultTomcatWebapps" signature="()Z" line-rate="0.0" branch-rate="1.0">
							<lines>
								<line number="74" hits="0" branch="false"/>
							</lines>
						</method>
						<method name="isDeleteTomcatDefaultDocsWebapp" signature="()Z" line-rate="0.0" branch-rate="1.0">
							<lines>
								<line number="116" hits="0" branch="false"/>
							</lines>
						</method>
						<method name="isDeleteTomcatDefaultExamplesWebapp" signature="()Z" line-rate="0.0" branch-rate="1.0">
							<lines>
								<line number="108" hits="0" branch="false"/>
							</lines>
						</method>
						<method name="isDeleteTomcatDefaultHostManagerWebapp" signature="()Z" line-rate="0.0" branch-rate="1.0">
							<lines>
								<line number="100" hits="0" branch="false"/>
							</lines>
						</method>
						<method name="isDeleteTomcatDefaultManagerWebapp" signature="()Z" line-rate="0.0" branch-rate="1.0">
							<lines>
								<line number="92" hits="0" branch="false"/>
							</lines>
						</method>
						<method name="isDeleteTomcatDefaultRootWebapp" signature="()Z" line-rate="0.0" branch-rate="1.0">
							<lines>
								<line number="83" hits="0" branch="false"/>
							</lines>
						</method>
						<method name="setDeleteTomcatDefaultDocsWebapp" signature="(Z)V" line-rate="0.0" branch-rate="1.0">
							<lines>
								<line number="120" hits="0" branch="false"/>
								<line number="121" hits="0" branch="false"/>
							</lines>
						</method>
						<method name="setDeleteTomcatDefaultExamplesWebapp" signature="(Z)V" line-rate="0.0" branch-rate="1.0">
							<lines>
								<line number="112" hits="0" branch="false"/>
								<line number="113" hits="0" branch="false"/>
							</lines>
						</method>
						<method name="setDeleteTomcatDefaultHostManagerWebapp" signature="(Z)V" line-rate="0.0" branch-rate="1.0">
							<lines>
								<line number="104" hits="0" branch="false"/>
								<line number="105" hits="0" branch="false"/>
							</lines>
						</method>
						<method name="setDeleteTomcatDefaultRootWebapp" signature="(Z)V" line-rate="0.0" branch-rate="1.0">
							<lines>
								<line number="87" hits="0" branch="false"/>
								<line number="88" hits="0" branch="false"/>
							</lines>
						</method>
						<method name="setDeleteTomcateDefaultManagerWebapp" signature="(Z)V" line-rate="0.0" branch-rate="1.0">
							<lines>
								<line number="96" hits="0" branch="false"/>
								<line number="97" hits="0" branch="false"/>
							</lines>
						</method>
						<method name="setDownloadDefaultTomcatWebapps" signature="(Z)V" line-rate="0.0" branch-rate="1.0">
							<lines>
								<line number="78" hits="0" branch="false"/>
								<line number="79" hits="0" branch="false"/>
							</lines>
						</method>
						<method name="setDownloadTomcatExamples" signature="(Z)V" line-rate="0.0" branch-rate="1.0">
							<lines>
								<line number="69" hits="0" branch="false"/>
								<line number="70" hits="0" branch="false"/>
							</lines>
						</method>
					</methods>
					<lines>
						<line number="29" hits="0" branch="false"/>
						<line number="35" hits="0" branch="false"/>
						<line number="41" hits="0" branch="false"/>
						<line number="46" hits="0" branch="false"/>
						<line number="51" hits="0" branch="false"/>
						<line number="56" hits="0" branch="false"/>
						<line number="61" hits="0" branch="false"/>
						<line number="66" hits="0" branch="false"/>
						<line number="69" hits="0" branch="false"/>
						<line number="70" hits="0" branch="false"/>
						<line number="74" hits="0" branch="false"/>
						<line number="78" hits="0" branch="false"/>
						<line number="79" hits="0" branch="false"/>
						<line number="83" hits="0" branch="false"/>
						<line number="87" hits="0" branch="false"/>
						<line number="88" hits="0" branch="false"/>
						<line number="92" hits="0" branch="false"/>
						<line number="96" hits="0" branch="false"/>
						<line number="97" hits="0" branch="false"/>
						<line number="100" hits="0" branch="false"/>
						<line number="104" hits="0" branch="false"/>
						<line number="105" hits="0" branch="false"/>
						<line number="108" hits="0" branch="false"/>
						<line number="112" hits="0" branch="false"/>
						<line number="113" hits="0" branch="false"/>
						<line number="116" hits="0" branch="false"/>
						<line number="120" hits="0" branch="false"/>
						<line number="121" hits="0" branch="false"/>
						<line number="125" hits="0" branch="false"/>
						<line number="129" hits="0" branch="false"/>
						<line number="130" hits="0" branch="false"/>
						<line number="131" hits="0" branch="false"/>
						<line number="132" hits="0" branch="false"/>
					</lines>
				</class>
				<class name="com.googlecode.t7mp.ApacheTomcatArtifact" filename="com/googlecode/t7mp/ApacheTomcatArtifact.java" line-rate="0.0" branch-rate="1.0" complexity="1.0">
					<methods>
						<method name="&lt;init&gt;" signature="()V" line-rate="0.0" branch-rate="1.0">
							<lines>
								<line number="18" hits="0" branch="false"/>
								<line number="19" hits="0" branch="false"/>
							</lines>
						</method>
						<method name="&lt;init&gt;" signature="(Ljava/lang/String;)V" line-rate="0.0" branch-rate="1.0">
							<lines>
								<line number="22" hits="0" branch="false"/>
								<line number="23" hits="0" branch="false"/>
							</lines>
						</method>
						<method name="getType" signature="()Ljava/lang/String;" line-rate="0.0" branch-rate="1.0">
							<lines>
								<line number="27" hits="0" branch="false"/>
							</lines>
						</method>
						<method name="toString" signature="()Ljava/lang/String;" line-rate="0.0" branch-rate="1.0">
							<lines>
								<line number="32" hits="0" branch="false"/>
							</lines>
						</method>
					</methods>
					<lines>
						<line number="18" hits="0" branch="false"/>
						<line number="19" hits="0" branch="false"/>
						<line number="22" hits="0" branch="false"/>
						<line number="23" hits="0" branch="false"/>
						<line number="27" hits="0" branch="false"/>
						<line number="32" hits="0" branch="false"/>
					</lines>
				</class>
				<class name="com.googlecode.t7mp.BaseConfiguration" filename="com/googlecode/t7mp/BaseConfiguration.java" line-rate="0.3358208955223881" branch-rate="1.0" complexity="1.0">
					<methods>
						<method name="&lt;init&gt;" signature="()V" line-rate="1.0" branch-rate="1.0">
							<lines>
								<line number="31" hits="3" branch="false"/>
								<line number="37" hits="3" branch="false"/>
								<line number="43" hits="3" branch="false"/>
								<line number="48" hits="3" branch="false"/>
								<line number="53" hits="3" branch="false"/>
								<line number="58" hits="3" branch="false"/>
								<line number="63" hits="3" branch="false"/>
								<line number="68" hits="3" branch="false"/>
								<line number="74" hits="3" branch="false"/>
								<line number="80" hits="3" branch="false"/>
								<line number="113" hits="3" branch="false"/>
								<line number="118" hits="3" branch="false"/>
								<line number="123" hits="3" branch="false"/>
								<line number="129" hits="3" branch="false"/>
								<line number="134" hits="3" branch="false"/>
								<line number="139" hits="3" branch="false"/>
								<line number="143" hits="3" branch="false"/>
								<line number="148" hits="3" branch="false"/>
								<line number="153" hits="3" branch="false"/>
								<line number="158" hits="3" branch="false"/>
								<line number="163" hits="3" branch="false"/>
								<line number="168" hits="3" branch="false"/>
								<line number="172" hits="3" branch="false"/>
								<line number="178" hits="3" branch="false"/>
								<line number="183" hits="3" branch="false"/>
								<line number="188" hits="3" branch="false"/>
								<line number="193" hits="3" branch="false"/>
								<line number="198" hits="3" branch="false"/>
								<line number="203" hits="3" branch="false"/>
								<line number="210" hits="3" branch="false"/>
							</lines>
						</method>
						<method name="getBuildFinalName" signature="()Ljava/lang/String;" line-rate="1.0" branch-rate="1.0">
							<lines>
								<line number="385" hits="1" branch="false"/>
							</lines>
						</method>
						<method name="getCatalinaBase" signature="()Ljava/io/File;" line-rate="1.0" branch-rate="1.0">
							<lines>
								<line number="324" hits="2" branch="false"/>
							</lines>
						</method>
						<method name="getConfigArtifact" signature="()Lcom/googlecode/t7mp/ConfigurationArtifact;" line-rate="1.0" branch-rate="1.0">
							<lines>
								<line number="517" hits="4" branch="false"/>
							</lines>
						</method>
						<method name="getContextFile" signature="()Ljava/io/File;" line-rate="0.0" branch-rate="1.0">
							<lines>
								<line number="445" hits="0" branch="false"/>
							</lines>
						</method>
						<method name="getContextPath" signature="()Ljava/lang/String;" line-rate="0.0" branch-rate="1.0">
							<lines>
								<line number="373" hits="0" branch="false"/>
							</lines>
						</method>
						<method name="getInstanceCount" signature="()I" line-rate="0.0" branch-rate="1.0">
							<lines>
								<line number="600" hits="0" branch="false"/>
							</lines>
						</method>
						<method name="getLibs" signature="()Ljava/util/List;" line-rate="0.0" branch-rate="1.0">
							<lines>
								<line number="481" hits="0" branch="false"/>
							</lines>
						</method>
						<method name="getOverwriteWebXML" signature="()Ljava/io/File;" line-rate="0.0" branch-rate="1.0">
							<lines>
								<line number="349" hits="0" branch="false"/>
							</lines>
						</method>
						<method name="getPackaging" signature="()Ljava/lang/String;" line-rate="0.0" branch-rate="1.0">
							<lines>
								<line number="409" hits="0" branch="false"/>
							</lines>
						</method>
						<method name="getScanners" signature="()Ljava/util/ArrayList;" line-rate="0.0" branch-rate="1.0">
							<lines>
								<line number="493" hits="0" branch="false"/>
							</lines>
						</method>
						<method name="getScanners" signature="()Ljava/util/List;" line-rate="1.0" branch-rate="1.0">
							<lines>
							</lines>
						</method>
						<method name="getSystemProperties" signature="()Ljava/util/Map;" line-rate="0.0" branch-rate="1.0">
							<lines>
								<line number="469" hits="0" branch="false"/>
							</lines>
						</method>
						<method name="getTomcatArtifact" signature="()Lcom/googlecode/t7mp/TomcatArtifact;" line-rate="0.0" branch-rate="1.0">
							<lines>
								<line number="591" hits="0" branch="false"/>
							</lines>
						</method>
						<method name="getTomcatConfigDirectory" signature="()Ljava/io/File;" line-rate="0.0" branch-rate="1.0">
							<lines>
								<line number="337" hits="0" branch="false"/>
							</lines>
						</method>
						<method name="getTomcatHostName" signature="()Ljava/lang/String;" line-rate="0.0" branch-rate="1.0">
							<lines>
								<line number="312" hits="0" branch="false"/>
							</lines>
						</method>
						<method name="getTomcatHttpPort" signature="()I" line-rate="1.0" branch-rate="1.0">
							<lines>
								<line number="265" hits="1" branch="false"/>
							</lines>
						</method>
						<method name="getTomcatShutdownCommand" signature="()Ljava/lang/String;" line-rate="0.0" branch-rate="1.0">
							<lines>
								<line number="291" hits="0" branch="false"/>
							</lines>
						</method>
						<method name="getTomcatShutdownHost" signature="()Ljava/lang/String;" line-rate="0.0" branch-rate="1.0">
							<lines>
								<line number="303" hits="0" branch="false"/>
							</lines>
						</method>
						<method name="getTomcatShutdownPort" signature="()I" line-rate="1.0" branch-rate="1.0">
							<lines>
								<line number="278" hits="1" branch="false"/>
							</lines>
						</method>
						<method name="getTomcatVersion" signature="()Ljava/lang/String;" line-rate="1.0" branch-rate="1.0">
							<lines>
								<line number="253" hits="1" branch="false"/>
							</lines>
						</method>
						<method name="getWebappClassDirectory" signature="()Ljava/io/File;" line-rate="0.0" branch-rate="1.0">
							<lines>
								<line number="433" hits="0" branch="false"/>
							</lines>
						</method>
						<method name="getWebappOutputDirectory" signature="()Ljava/io/File;" line-rate="0.0" branch-rate="1.0">
							<lines>
								<line number="361" hits="0" branch="false"/>
							</lines>
						</method>
						<method name="getWebappSourceDirectory" signature="()Ljava/io/File;" line-rate="0.0" branch-rate="1.0">
							<lines>
								<line number="397" hits="0" branch="false"/>
							</lines>
						</method>
						<method name="getWebapps" signature="()Ljava/util/ArrayList;" line-rate="0.0" branch-rate="1.0">
							<lines>
								<line number="457" hits="0" branch="false"/>
							</lines>
						</method>
						<method name="getWebapps" signature="()Ljava/util/List;" line-rate="1.0" branch-rate="1.0">
							<lines>
								<line number="26" hits="3" branch="false"/>
							</lines>
						</method>
						<method name="isDeleteDefaultTomcatWebapps" signature="()Z" line-rate="0.0" branch-rate="1.0">
							<lines>
								<line number="537" hits="0" branch="false"/>
							</lines>
						</method>
						<method name="isDeleteTomcatDefaultDocsWebapp" signature="()Z" line-rate="0.0" branch-rate="1.0">
							<lines>
								<line number="579" hits="0" branch="false"/>
							</lines>
						</method>
						<method name="isDeleteTomcatDefaultExamplesWebapp" signature="()Z" line-rate="0.0" branch-rate="1.0">
							<lines>
								<line number="571" hits="0" branch="false"/>
							</lines>
						</method>
						<method name="isDeleteTomcatDefaultHostManagerWebapp" signature="()Z" line-rate="0.0" branch-rate="1.0">
							<lines>
								<line number="563" hits="0" branch="false"/>
							</lines>
						</method>
						<method name="isDeleteTomcatDefaultManagerWebapp" signature="()Z" line-rate="0.0" branch-rate="1.0">
							<lines>
								<line number="555" hits="0" branch="false"/>
							</lines>
						</method>
						<method name="isDeleteTomcatDefaultRootWebapp" signature="()Z" line-rate="0.0" branch-rate="1.0">
							<lines>
								<line number="546" hits="0" branch="false"/>
							</lines>
						</method>
						<method name="isLookInside" signature="()Z" line-rate="0.0" branch-rate="1.0">
							<lines>
								<line number="229" hits="0" branch="false"/>
							</lines>
						</method>
						<method name="isResolverUpdateSnapshotsAllways" signature="()Z" line-rate="0.0" branch-rate="1.0">
							<lines>
								<line number="241" hits="0" branch="false"/>
							</lines>
						</method>
						<method name="isScanClasses" signature="()Z" line-rate="0.0" branch-rate="1.0">
							<lines>
								<line number="421" hits="0" branch="false"/>
							</lines>
						</method>
						<method name="isSuspendConsoleOutput" signature="()Z" line-rate="0.0" branch-rate="1.0">
							<lines>
								<line number="505" hits="0" branch="false"/>
							</lines>
						</method>
						<method name="isTomcatSetAwait" signature="()Z" line-rate="0.0" branch-rate="1.0">
							<lines>
								<line number="217" hits="0" branch="false"/>
							</lines>
						</method>
						<method name="isWebProject" signature="()Z" line-rate="0.0" branch-rate="1.0">
							<lines>
								<line number="529" hits="0" branch="false"/>
							</lines>
						</method>
						<method name="setBuildFinalName" signature="(Ljava/lang/String;)V" line-rate="0.0" branch-rate="1.0">
							<lines>
								<line number="389" hits="0" branch="false"/>
								<line number="390" hits="0" branch="false"/>
							</lines>
						</method>
						<method name="setCatalinaBase" signature="(Ljava/io/File;)V" line-rate="1.0" branch-rate="1.0">
							<lines>
								<line number="329" hits="3" branch="false"/>
								<line number="330" hits="3" branch="false"/>
							</lines>
						</method>
						<method name="setConfigArtifact" signature="(Lcom/googlecode/t7mp/ConfigurationArtifact;)V" line-rate="1.0" branch-rate="1.0">
							<lines>
								<line number="521" hits="2" branch="false"/>
								<line number="522" hits="2" branch="false"/>
							</lines>
						</method>
						<method name="setContextFile" signature="(Ljava/io/File;)V" line-rate="0.0" branch-rate="1.0">
							<lines>
								<line number="449" hits="0" branch="false"/>
								<line number="450" hits="0" branch="false"/>
							</lines>
						</method>
						<method name="setContextPath" signature="(Ljava/lang/String;)V" line-rate="0.0" branch-rate="1.0">
							<lines>
								<line number="377" hits="0" branch="false"/>
								<line number="378" hits="0" branch="false"/>
							</lines>
						</method>
						<method name="setDeleteTomcatDefaultDocsWebapp" signature="(Z)V" line-rate="0.0" branch-rate="1.0">
							<lines>
								<line number="583" hits="0" branch="false"/>
								<line number="584" hits="0" branch="false"/>
							</lines>
						</method>
						<method name="setDeleteTomcatDefaultExamplesWebapp" signature="(Z)V" line-rate="0.0" branch-rate="1.0">
							<lines>
								<line number="575" hits="0" branch="false"/>
								<line number="576" hits="0" branch="false"/>
							</lines>
						</method>
						<method name="setDeleteTomcatDefaultHostManagerWebapp" signature="(Z)V" line-rate="0.0" branch-rate="1.0">
							<lines>
								<line number="567" hits="0" branch="false"/>
								<line number="568" hits="0" branch="false"/>
							</lines>
						</method>
						<method name="setDeleteTomcatDefaultRootWebapp" signature="(Z)V" line-rate="0.0" branch-rate="1.0">
							<lines>
								<line number="550" hits="0" branch="false"/>
								<line number="551" hits="0" branch="false"/>
							</lines>
						</method>
						<method name="setDeleteTomcateDefaultManagerWebapp" signature="(Z)V" line-rate="0.0" branch-rate="1.0">
							<lines>
								<line number="559" hits="0" branch="false"/>
								<line number="560" hits="0" branch="false"/>
							</lines>
						</method>
						<method name="setDownloadDefaultTomcatWebapps" signature="(Z)V" line-rate="0.0" branch-rate="1.0">
[...]
							</lines>
						</method>
						<method name="forXmlFiles" signature="()Ljava/io/FileFilter;" line-rate="0.0" branch-rate="1.0">
							<lines>
								<line number="48" hits="0" branch="false"/>
							</lines>
						</method>
					</methods>
					<lines>
						<line number="34" hits="0" branch="false"/>
						<line number="36" hits="0" branch="false"/>
						<line number="39" hits="2" branch="false"/>
						<line number="48" hits="0" branch="false"/>
						<line number="57" hits="0" branch="false"/>
						<line number="66" hits="0" branch="false"/>
						<line number="75" hits="0" branch="false"/>
					</lines>
				</class>
				<class name="com.googlecode.t7mp.util.FileFilters$1" filename="com/googlecode/t7mp/util/FileFilters.java" line-rate="1.0" branch-rate="1.0" complexity="1.3636363636363635">
					<methods>
						<method name="&lt;init&gt;" signature="()V" line-rate="1.0" branch-rate="1.0">
							<lines>
								<line number="39" hits="2" branch="false"/>
							</lines>
						</method>
						<method name="accept" signature="(Ljava/io/File;)Z" line-rate="1.0" branch-rate="1.0">
							<lines>
								<line number="42" hits="4" branch="false"/>
							</lines>
						</method>
					</methods>
					<lines>
						<line number="39" hits="2" branch="false"/>
						<line number="42" hits="4" branch="false"/>
					</lines>
				</class>
				<class name="com.googlecode.t7mp.util.FileFilters$2" filename="com/googlecode/t7mp/util/FileFilters.java" line-rate="0.0" branch-rate="0.0" complexity="1.3636363636363635">
					<methods>
						<method name="&lt;init&gt;" signature="()V" line-rate="0.0" branch-rate="1.0">
							<lines>
								<line number="48" hits="0" branch="false"/>
							</lines>
						</method>
						<method name="accept" signature="(Ljava/io/File;)Z" line-rate="0.0" branch-rate="0.0">
							<lines>
								<line number="51" hits="0" branch="true" condition-coverage="0% (0/4)">
									<conditions>
										<condition number="0" type="jump" coverage="0%"/>
										<condition number="1" type="jump" coverage="0%"/>
									</conditions>
								</line>
							</lines>
						</method>
					</methods>
					<lines>
						<line number="48" hits="0" branch="false"/>
						<line number="51" hits="0" branch="true" condition-coverage="0% (0/4)">
							<conditions>
								<condition number="0" type="jump" coverage="0%"/>
								<condition number="1" type="jump" coverage="0%"/>
							</conditions>
						</line>
					</lines>
				</class>
				<class name="com.googlecode.t7mp.util.FileFilters$3" filename="com/googlecode/t7mp/util/FileFilters.java" line-rate="0.0" branch-rate="0.0" complexity="1.3636363636363635">
					<methods>
						<method name="&lt;init&gt;" signature="()V" line-rate="0.0" branch-rate="1.0">
							<lines>
								<line number="57" hits="0" branch="false"/>
							</lines>
						</method>
						<method name="accept" signature="(Ljava/io/File;)Z" line-rate="0.0" branch-rate="0.0">
							<lines>
								<line number="60" hits="0" branch="true" condition-coverage="0% (0/4)">
									<conditions>
										<condition number="0" type="jump" coverage="0%"/>
										<condition number="1" type="jump" coverage="0%"/>
									</conditions>
								</line>
							</lines>
						</method>
					</methods>
					<lines>
						<line number="57" hits="0" branch="false"/>
						<line number="60" hits="0" branch="true" condition-coverage="0% (0/4)">
							<conditions>
								<condition number="0" type="jump" coverage="0%"/>
								<condition number="1" type="jump" coverage="0%"/>
							</conditions>
						</line>
					</lines>
				</class>
				<class name="com.googlecode.t7mp.util.FileFilters$4" filename="com/googlecode/t7mp/util/FileFilters.java" line-rate="0.0" branch-rate="0.0" complexity="1.3636363636363635">
					<methods>
						<method name="&lt;init&gt;" signature="()V" line-rate="0.0" branch-rate="1.0">
							<lines>
								<line number="66" hits="0" branch="false"/>
							</lines>
						</method>
						<method name="accept" signature="(Ljava/io/File;)Z" line-rate="0.0" branch-rate="0.0">
							<lines>
								<line number="69" hits="0" branch="true" condition-coverage="0% (0/4)">
									<conditions>
										<condition number="0" type="jump" coverage="0%"/>
										<condition number="1" type="jump" coverage="0%"/>
									</conditions>
								</line>
							</lines>
						</method>
					</methods>
					<lines>
						<line number="66" hits="0" branch="false"/>
						<line number="69" hits="0" branch="true" condition-coverage="0% (0/4)">
							<conditions>
								<condition number="0" type="jump" coverage="0%"/>
								<condition number="1" type="jump" coverage="0%"/>
							</conditions>
						</line>
					</lines>
				</class>
				<class name="com.googlecode.t7mp.util.FileFilters$5" filename="com/googlecode/t7mp/util/FileFilters.java" line-rate="0.0" branch-rate="0.0" complexity="1.3636363636363635">
					<methods>
						<method name="&lt;init&gt;" signature="()V" line-rate="0.0" branch-rate="1.0">
							<lines>
								<line number="75" hits="0" branch="false"/>
							</lines>
						</method>
						<method name="accept" signature="(Ljava/io/File;)Z" line-rate="0.0" branch-rate="0.0">
							<lines>
								<line number="78" hits="0" branch="true" condition-coverage="0% (0/4)">
									<conditions>
										<condition number="0" type="jump" coverage="0%"/>
										<condition number="1" type="jump" coverage="0%"/>
									</conditions>
								</line>
							</lines>
						</method>
					</methods>
					<lines>
						<line number="75" hits="0" branch="false"/>
						<line number="78" hits="0" branch="true" condition-coverage="0% (0/4)">
							<conditions>
								<condition number="0" type="jump" coverage="0%"/>
								<condition number="1" type="jump" coverage="0%"/>
							</conditions>
						</line>
					</lines>
				</class>
				<class name="com.googlecode.t7mp.util.FileUtil" filename="com/googlecode/t7mp/util/FileUtil.java" line-rate="0.42105263157894735" branch-rate="0.5833333333333334" complexity="2.2">
					<methods>
						<method name="&lt;init&gt;" signature="()V" line-rate="0.0" branch-rate="1.0">
							<lines>
								<line number="32" hits="0" branch="false"/>
								<line number="34" hits="0" branch="false"/>
							</lines>
						</method>
						<method name="getAllFiles" signature="(Ljava/io/File;)Ljava/util/Set;" line-rate="0.0" branch-rate="1.0">
							<lines>
								<line number="37" hits="0" branch="false"/>
								<line number="38" hits="0" branch="false"/>
							</lines>
						</method>
						<method name="getAllFiles" signature="(Ljava/io/File;Ljava/io/FileFilter;Z)Ljava/util/Set;" line-rate="1.0" branch-rate="1.0">
							<lines>
								<line number="42" hits="2" branch="false"/>
								<line number="43" hits="2" branch="false"/>
							</lines>
						</method>
						<method name="getAllFiles" signature="(Ljava/io/File;Ljava/util/Set;)Ljava/util/Set;" line-rate="0.0" branch-rate="0.0">
							<lines>
								<line number="47" hits="0" branch="false"/>
								<line number="48" hits="0" branch="true" condition-coverage="0% (0/2)">
									<conditions>
										<condition number="0" type="jump" coverage="0%"/>
									</conditions>
								</line>
								<line number="49" hits="0" branch="true" condition-coverage="0% (0/2)">
									<conditions>
										<condition number="0" type="jump" coverage="0%"/>
									</conditions>
								</line>
								<line number="50" hits="0" branch="false"/>
								<line number="52" hits="0" branch="false"/>
								<line number="55" hits="0" branch="false"/>
							</lines>
						</method>
						<method name="getAllFiles" signature="(Ljava/io/File;Ljava/util/Set;Ljava/io/FileFilter;Z)Ljava/util/Set;" line-rate="0.8571428571428571" branch-rate="0.875">
							<lines>
								<line number="60" hits="2" branch="false"/>
								<line number="61" hits="6" branch="true" condition-coverage="100% (2/2)">
									<conditions>
										<condition number="0" type="jump" coverage="100%"/>
									</conditions>
								</line>
								<line number="62" hits="4" branch="true" condition-coverage="75% (3/4)">
									<conditions>
										<condition number="0" type="jump" coverage="100%"/>
										<condition number="1" type="jump" coverage="50%"/>
									</conditions>
								</line>
								<line number="63" hits="0" branch="false"/>
								<line number="65" hits="4" branch="true" condition-coverage="100% (2/2)">
									<conditions>
										<condition number="0" type="jump" coverage="100%"/>
									</conditions>
								</line>
								<line number="66" hits="2" branch="false"/>
								<line number="70" hits="2" branch="false"/>
							</lines>
						</method>
					</methods>
					<lines>
						<line number="32" hits="0" branch="false"/>
						<line number="34" hits="0" branch="false"/>
						<line number="37" hits="0" branch="false"/>
						<line number="38" hits="0" branch="false"/>
						<line number="42" hits="2" branch="false"/>
						<line number="43" hits="2" branch="false"/>
						<line number="47" hits="0" branch="false"/>
						<line number="48" hits="0" branch="true" condition-coverage="0% (0/2)">
							<conditions>
								<condition number="0" type="jump" coverage="0%"/>
							</conditions>
						</line>
						<line number="49" hits="0" branch="true" condition-coverage="0% (0/2)">
							<conditions>
								<condition number="0" type="jump" coverage="0%"/>
							</conditions>
						</line>
						<line number="50" hits="0" branch="false"/>
						<line number="52" hits="0" branch="false"/>
						<line number="55" hits="0" branch="false"/>
						<line number="60" hits="2" branch="false"/>
						<line number="61" hits="6" branch="true" condition-coverage="100% (2/2)">
							<conditions>
								<condition number="0" type="jump" coverage="100%"/>
							</conditions>
						</line>
						<line number="62" hits="4" branch="true" condition-coverage="75% (3/4)">
							<conditions>
								<condition number="0" type="jump" coverage="100%"/>
								<condition number="1" type="jump" coverage="50%"/>
							</conditions>
						</line>
						<line number="63" hits="0" branch="false"/>
						<line number="65" hits="4" branch="true" condition-coverage="100% (2/2)">
							<conditions>
								<condition number="0" type="jump" coverage="100%"/>
							</conditions>
						</line>
						<line number="66" hits="2" branch="false"/>
						<line number="70" hits="2" branch="false"/>
					</lines>
				</class>
				<class name="com.googlecode.t7mp.util.FilesOnlyFileFilter" filename="com/googlecode/t7mp/util/FilesOnlyFileFilter.java" line-rate="1.0" branch-rate="1.0" complexity="1.0">
					<methods>
						<method name="&lt;init&gt;" signature="()V" line-rate="1.0" branch-rate="1.0">
							<lines>
								<line number="26" hits="2" branch="false"/>
							</lines>
						</method>
						<method name="accept" signature="(Ljava/io/File;)Z" line-rate="1.0" branch-rate="1.0">
							<lines>
								<line number="30" hits="3" branch="false"/>
							</lines>
						</method>
					</methods>
					<lines>
						<line number="26" hits="2" branch="false"/>
						<line number="30" hits="3" branch="false"/>
					</lines>
				</class>
				<class name="com.googlecode.t7mp.util.SystemUtil" filename="com/googlecode/t7mp/util/SystemUtil.java" line-rate="0.3333333333333333" branch-rate="1.0" complexity="1.0">
					<methods>
						<method name="&lt;init&gt;" signature="()V" line-rate="0.0" branch-rate="1.0">
							<lines>
								<line number="25" hits="0" branch="false"/>
								<line number="27" hits="0" branch="false"/>
							</lines>
						</method>
						<method name="isWindowsSystem" signature="()Z" line-rate="1.0" branch-rate="1.0">
							<lines>
								<line number="32" hits="1" branch="false"/>
							</lines>
						</method>
					</methods>
					<lines>
						<line number="25" hits="0" branch="false"/>
						<line number="27" hits="0" branch="false"/>
						<line number="32" hits="1" branch="false"/>
					</lines>
				</class>
				<class name="com.googlecode.t7mp.util.TomcatUtil" filename="com/googlecode/t7mp/util/TomcatUtil.java" line-rate="0.08333333333333333" branch-rate="0.0" complexity="1.5714285714285714">
					<methods>
						<method name="&lt;init&gt;" signature="()V" line-rate="0.0" branch-rate="1.0">
							<lines>
								<line number="27" hits="0" branch="false"/>
								<line number="29" hits="0" branch="false"/>
							</lines>
						</method>
						<method name="getBinDirectory" signature="(Ljava/io/File;)Ljava/io/File;" line-rate="1.0" branch-rate="1.0">
							<lines>
								<line number="32" hits="1" branch="false"/>
							</lines>
						</method>
						<method name="getLibDirectory" signature="(Ljava/io/File;)Ljava/io/File;" line-rate="0.0" branch-rate="1.0">
							<lines>
								<line number="44" hits="0" branch="false"/>
							</lines>
						</method>
						<method name="getStartScriptName" signature="()Ljava/lang/String;" line-rate="0.0" branch-rate="0.0">
							<lines>
								<line number="57" hits="0" branch="true" condition-coverage="0% (0/2)">
									<conditions>
										<condition number="0" type="jump" coverage="0%"/>
									</conditions>
								</line>
								<line number="58" hits="0" branch="false"/>
								<line number="60" hits="0" branch="false"/>
							</lines>
						</method>
						<method name="getStopScriptName" signature="()Ljava/lang/String;" line-rate="0.0" branch-rate="0.0">
							<lines>
								<line number="48" hits="0" branch="true" condition-coverage="0% (0/2)">
									<conditions>
										<condition number="0" type="jump" coverage="0%"/>
									</conditions>
								</line>
								<line number="49" hits="0" branch="false"/>
								<line number="51" hits="0" branch="false"/>
							</lines>
						</method>
						<method name="getTempDirectory" signature="(Ljava/io/File;)Ljava/io/File;" line-rate="0.0" branch-rate="1.0">
							<lines>
								<line number="40" hits="0" branch="false"/>
							</lines>
						</method>
						<method name="getWebappsDirectory" signature="(Ljava/io/File;)Ljava/io/File;" line-rate="0.0" branch-rate="1.0">
							<lines>
								<line number="36" hits="0" branch="false"/>
							</lines>
						</method>
					</methods>
					<lines>
						<line number="27" hits="0" branch="false"/>
						<line number="29" hits="0" branch="false"/>
						<line number="32" hits="1" branch="false"/>
						<line number="36" hits="0" branch="false"/>
						<line number="40" hits="0" branch="false"/>
						<line number="44" hits="0" branch="false"/>
						<line number="48" hits="0" branch="true" condition-coverage="0% (0/2)">
							<conditions>
								<condition number="0" type="jump" coverage="0%"/>
							</conditions>
						</line>
						<line number="49" hits="0" branch="false"/>
						<line number="51" hits="0" branch="false"/>
						<line number="57" hits="0" branch="true" condition-coverage="0% (0/2)">
							<conditions>
								<condition number="0" type="jump" coverage="0%"/>
							</conditions>
						</line>
						<line number="58" hits="0" branch="false"/>
						<line number="60" hits="0" branch="false"/>
					</lines>
				</class>
				<class name="com.googlecode.t7mp.util.ZipUtil" filename="com/googlecode/t7mp/util/ZipUtil.java" line-rate="0.7333333333333333" branch-rate="0.8333333333333334" complexity="4.0">
					<methods>
						<method name="&lt;init&gt;" signature="()V" line-rate="0.0" branch-rate="1.0">
							<lines>
								<line number="34" hits="0" branch="false"/>
								<line number="36" hits="0" branch="false"/>
							</lines>
						</method>
						<method name="unzip" signature="(Ljava/io/File;Ljava/io/File;)V" line-rate="0.6" branch-rate="1.0">
							<lines>
								<line number="40" hits="1" branch="false"/>
								<line number="41" hits="0" branch="false"/>
								<line number="42" hits="0" branch="false"/>
								<line number="43" hits="1" branch="false"/>
								<line number="44" hits="1" branch="false"/>
							</lines>
						</method>
						<method name="unzip" signature="(Ljava/io/InputStream;Ljava/io/File;)V" line-rate="0.8260869565217391" branch-rate="0.8333333333333334">
							<lines>
								<line number="48" hits="2" branch="false"/>
								<line number="50" hits="2" branch="false"/>
								<line number="52" hits="2" branch="false"/>
								<line number="53" hits="18" branch="true" condition-coverage="100% (2/2)">
									<conditions>
										<condition number="0" type="jump" coverage="100%"/>
									</conditions>
								</line>
								<line number="54" hits="16" branch="false"/>
								<line number="55" hits="16" branch="false"/>
								<line number="56" hits="16" branch="true" condition-coverage="100% (2/2)">
									<conditions>
										<condition number="0" type="jump" coverage="100%"/>
									</conditions>
								</line>
								<line number="57" hits="8" branch="false"/>
								<line number="58" hits="8" branch="false"/>
								<line number="60" hits="8" branch="false"/>
								<line number="62" hits="8" branch="false"/>
								<line number="64" hits="8" branch="false"/>
								<line number="65" hits="8" branch="false"/>
								<line number="66" hits="8" branch="false"/>
								<line number="68" hits="2" branch="true" condition-coverage="50% (1/2)">
									<conditions>
										<condition number="0" type="jump" coverage="50%"/>
									</conditions>
								</line>
								<line number="69" hits="2" branch="false"/>
								<line number="72" hits="2" branch="false"/>
								<line number="73" hits="0" branch="false"/>
								<line number="74" hits="0" branch="false"/>
								<line number="75" hits="0" branch="false"/>
								<line number="76" hits="0" branch="false"/>
								<line number="77" hits="2" branch="false"/>
								<line number="78" hits="2" branch="false"/>
							</lines>
						</method>
					</methods>
					<lines>
						<line number="34" hits="0" branch="false"/>
						<line number="36" hits="0" branch="false"/>
						<line number="40" hits="1" branch="false"/>
						<line number="41" hits="0" branch="false"/>
						<line number="42" hits="0" branch="false"/>
						<line number="43" hits="1" branch="false"/>
						<line number="44" hits="1" branch="false"/>
						<line number="48" hits="2" branch="false"/>
						<line number="50" hits="2" branch="false"/>
						<line number="52" hits="2" branch="false"/>
						<line number="53" hits="18" branch="true" condition-coverage="100% (2/2)">
							<conditions>
								<condition number="0" type="jump" coverage="100%"/>
							</conditions>
						</line>
						<line number="54" hits="16" branch="false"/>
						<line number="55" hits="16" branch="false"/>
						<line number="56" hits="16" branch="true" condition-coverage="100% (2/2)">
							<conditions>
								<condition number="0" type="jump" coverage="100%"/>
							</conditions>
						</line>
						<line number="57" hits="8" branch="false"/>
						<line number="58" hits="8" branch="false"/>
						<line number="60" hits="8" branch="false"/>
						<line number="62" hits="8" branch="false"/>
						<line number="64" hits="8" branch="false"/>
						<line number="65" hits="8" branch="false"/>
						<line number="66" hits="8" branch="false"/>
						<line number="68" hits="2" branch="true" condition-coverage="50% (1/2)">
							<conditions>
								<condition number="0" type="jump" coverage="50%"/>
							</conditions>
						</line>
						<line number="69" hits="2" branch="false"/>
						<line number="72" hits="2" branch="false"/>
						<line number="73" hits="0" branch="false"/>
						<line number="74" hits="0" branch="false"/>
						<line number="75" hits="0" branch="false"/>
						<line number="76" hits="0" branch="false"/>
						<line number="77" hits="2" branch="false"/>
						<line number="78" hits="2" branch="false"/>
					</lines>
				</class>
			</classes>
		</package>
	</packages>
</coverage>
